[debug] [2025-05-02T06:17:14.875Z] ----------------------------------------------------------------------
[debug] [2025-05-02T06:17:14.876Z] Command:       /Users/raghavendraboddupalli/.nvm/versions/node/v22.15.0/bin/node /opt/homebrew/bin/firebase deploy --only functions
[debug] [2025-05-02T06:17:14.876Z] CLI Version:   14.2.2
[debug] [2025-05-02T06:17:14.876Z] Platform:      darwin
[debug] [2025-05-02T06:17:14.876Z] Node Version:  v22.15.0
[debug] [2025-05-02T06:17:14.877Z] Time:          Fri May 02 2025 11:47:14 GMT+0530 (India Standard Time)
[debug] [2025-05-02T06:17:14.877Z] ----------------------------------------------------------------------
[debug] 
[debug] [2025-05-02T06:17:14.967Z] Field "/functions" in "firebase.json" is possibly invalid: must be object
[debug] [2025-05-02T06:17:14.967Z] Object "/functions/0" in "firebase.json" has unknown property: {"additionalProperty":"timeoutSeconds"}
[debug] [2025-05-02T06:17:14.967Z] Field "/functions" in "firebase.json" is possibly invalid: must match a schema in anyOf
[debug] [2025-05-02T06:17:14.969Z] > command requires scopes: ["email","openid","https://www.googleapis.com/auth/cloudplatformprojects.readonly","https://www.googleapis.com/auth/firebase","https://www.googleapis.com/auth/cloud-platform"]
[debug] [2025-05-02T06:17:14.969Z] > authorizing via signed-in user (personalbuddycfc@gmail.com)
[debug] [2025-05-02T06:17:14.969Z] [iam] checking project email-summary-69414 for permissions ["cloudfunctions.functions.create","cloudfunctions.functions.delete","cloudfunctions.functions.get","cloudfunctions.functions.list","cloudfunctions.functions.update","cloudfunctions.operations.get","firebase.projects.get"]
[debug] [2025-05-02T06:17:14.969Z] Checked if tokens are valid: true, expires at: 1746169258494
[debug] [2025-05-02T06:17:14.969Z] Checked if tokens are valid: true, expires at: 1746169258494
[debug] [2025-05-02T06:17:14.970Z] >>> [apiv2][query] POST https://cloudresourcemanager.googleapis.com/v1/projects/email-summary-69414:testIamPermissions [none]
[debug] [2025-05-02T06:17:14.970Z] >>> [apiv2][(partial)header] POST https://cloudresourcemanager.googleapis.com/v1/projects/email-summary-69414:testIamPermissions x-goog-quota-user=projects/email-summary-69414
[debug] [2025-05-02T06:17:14.970Z] >>> [apiv2][body] POST https://cloudresourcemanager.googleapis.com/v1/projects/email-summary-69414:testIamPermissions {"permissions":["cloudfunctions.functions.create","cloudfunctions.functions.delete","cloudfunctions.functions.get","cloudfunctions.functions.list","cloudfunctions.functions.update","cloudfunctions.operations.get","firebase.projects.get"]}
[debug] [2025-05-02T06:17:16.702Z] <<< [apiv2][status] POST https://cloudresourcemanager.googleapis.com/v1/projects/email-summary-69414:testIamPermissions 200
[debug] [2025-05-02T06:17:16.703Z] <<< [apiv2][body] POST https://cloudresourcemanager.googleapis.com/v1/projects/email-summary-69414:testIamPermissions {"permissions":["cloudfunctions.functions.create","cloudfunctions.functions.delete","cloudfunctions.functions.get","cloudfunctions.functions.list","cloudfunctions.functions.update","cloudfunctions.operations.get","firebase.projects.get"]}
[debug] [2025-05-02T06:17:16.704Z] Checked if tokens are valid: true, expires at: 1746169258494
[debug] [2025-05-02T06:17:16.704Z] Checked if tokens are valid: true, expires at: 1746169258494
[debug] [2025-05-02T06:17:16.704Z] >>> [apiv2][query] POST https://iam.googleapis.com/v1/projects/email-summary-69414/serviceAccounts/email-summary-69414@appspot.gserviceaccount.com:testIamPermissions [none]
[debug] [2025-05-02T06:17:16.705Z] >>> [apiv2][body] POST https://iam.googleapis.com/v1/projects/email-summary-69414/serviceAccounts/email-summary-69414@appspot.gserviceaccount.com:testIamPermissions {"permissions":["iam.serviceAccounts.actAs"]}
[debug] [2025-05-02T06:17:18.526Z] <<< [apiv2][status] POST https://iam.googleapis.com/v1/projects/email-summary-69414/serviceAccounts/email-summary-69414@appspot.gserviceaccount.com:testIamPermissions 200
[debug] [2025-05-02T06:17:18.526Z] <<< [apiv2][body] POST https://iam.googleapis.com/v1/projects/email-summary-69414/serviceAccounts/email-summary-69414@appspot.gserviceaccount.com:testIamPermissions {"permissions":["iam.serviceAccounts.actAs"]}
[info] 
[info] === Deploying to 'email-summary-69414'...
[info] 
[info] i  deploying functions 
[info] Running command: npm --prefix "$RESOURCE_DIR" run lint
[info] ✔  functions: Finished running predeploy script. 
[debug] [2025-05-02T06:17:19.165Z] Checked if tokens are valid: true, expires at: 1746169258494
[debug] [2025-05-02T06:17:19.165Z] Checked if tokens are valid: true, expires at: 1746169258494
[debug] [2025-05-02T06:17:19.165Z] >>> [apiv2][query] GET https://cloudresourcemanager.googleapis.com/v1/projects/email-summary-69414 [none]
[debug] [2025-05-02T06:17:19.497Z] <<< [apiv2][status] GET https://cloudresourcemanager.googleapis.com/v1/projects/email-summary-69414 200
[debug] [2025-05-02T06:17:19.497Z] <<< [apiv2][body] GET https://cloudresourcemanager.googleapis.com/v1/projects/email-summary-69414 {"projectNumber":"88138015277","projectId":"email-summary-69414","lifecycleState":"ACTIVE","name":"email-summary","labels":{"firebase":"enabled","firebase-core":"disabled"},"createTime":"2025-04-27T15:20:53.872253Z"}
[info] i  functions: preparing codebase default for deployment 
[info] i  functions: ensuring required API cloudfunctions.googleapis.com is enabled... 
[debug] [2025-05-02T06:17:19.500Z] Checked if tokens are valid: true, expires at: 1746169258494
[debug] [2025-05-02T06:17:19.500Z] Checked if tokens are valid: true, expires at: 1746169258494
[debug] [2025-05-02T06:17:19.500Z] Checked if tokens are valid: true, expires at: 1746169258494
[debug] [2025-05-02T06:17:19.500Z] Checked if tokens are valid: true, expires at: 1746169258494
[info] i  functions: ensuring required API cloudbuild.googleapis.com is enabled... 
[debug] [2025-05-02T06:17:19.501Z] Checked if tokens are valid: true, expires at: 1746169258494
[debug] [2025-05-02T06:17:19.501Z] Checked if tokens are valid: true, expires at: 1746169258494
[info] i  artifactregistry: ensuring required API artifactregistry.googleapis.com is enabled... 
[debug] [2025-05-02T06:17:19.502Z] Checked if tokens are valid: true, expires at: 1746169258494
[debug] [2025-05-02T06:17:19.502Z] Checked if tokens are valid: true, expires at: 1746169258494
[debug] [2025-05-02T06:17:19.502Z] >>> [apiv2][query] GET https://serviceusage.googleapis.com/v1/projects/email-summary-69414/services/cloudfunctions.googleapis.com [none]
[debug] [2025-05-02T06:17:19.502Z] >>> [apiv2][(partial)header] GET https://serviceusage.googleapis.com/v1/projects/email-summary-69414/services/cloudfunctions.googleapis.com x-goog-quota-user=projects/email-summary-69414
[debug] [2025-05-02T06:17:19.504Z] >>> [apiv2][query] GET https://serviceusage.googleapis.com/v1/projects/email-summary-69414/services/runtimeconfig.googleapis.com [none]
[debug] [2025-05-02T06:17:19.504Z] >>> [apiv2][(partial)header] GET https://serviceusage.googleapis.com/v1/projects/email-summary-69414/services/runtimeconfig.googleapis.com x-goog-quota-user=projects/email-summary-69414
[debug] [2025-05-02T06:17:19.506Z] >>> [apiv2][query] GET https://serviceusage.googleapis.com/v1/projects/email-summary-69414/services/cloudbuild.googleapis.com [none]
[debug] [2025-05-02T06:17:19.506Z] >>> [apiv2][(partial)header] GET https://serviceusage.googleapis.com/v1/projects/email-summary-69414/services/cloudbuild.googleapis.com x-goog-quota-user=projects/email-summary-69414
[debug] [2025-05-02T06:17:19.507Z] >>> [apiv2][query] GET https://serviceusage.googleapis.com/v1/projects/email-summary-69414/services/artifactregistry.googleapis.com [none]
[debug] [2025-05-02T06:17:19.507Z] >>> [apiv2][(partial)header] GET https://serviceusage.googleapis.com/v1/projects/email-summary-69414/services/artifactregistry.googleapis.com x-goog-quota-user=projects/email-summary-69414
[debug] [2025-05-02T06:17:21.098Z] <<< [apiv2][status] GET https://serviceusage.googleapis.com/v1/projects/email-summary-69414/services/cloudbuild.googleapis.com 200
[debug] [2025-05-02T06:17:21.098Z] <<< [apiv2][body] GET https://serviceusage.googleapis.com/v1/projects/email-summary-69414/services/cloudbuild.googleapis.com [omitted]
[info] ✔  functions: required API cloudbuild.googleapis.com is enabled 
[debug] [2025-05-02T06:17:21.102Z] <<< [apiv2][status] GET https://serviceusage.googleapis.com/v1/projects/email-summary-69414/services/runtimeconfig.googleapis.com 200
[debug] [2025-05-02T06:17:21.102Z] <<< [apiv2][body] GET https://serviceusage.googleapis.com/v1/projects/email-summary-69414/services/runtimeconfig.googleapis.com [omitted]
[debug] [2025-05-02T06:17:21.112Z] <<< [apiv2][status] GET https://serviceusage.googleapis.com/v1/projects/email-summary-69414/services/cloudfunctions.googleapis.com 200
[debug] [2025-05-02T06:17:21.113Z] <<< [apiv2][body] GET https://serviceusage.googleapis.com/v1/projects/email-summary-69414/services/cloudfunctions.googleapis.com [omitted]
[info] ✔  functions: required API cloudfunctions.googleapis.com is enabled 
[debug] [2025-05-02T06:17:21.147Z] <<< [apiv2][status] GET https://serviceusage.googleapis.com/v1/projects/email-summary-69414/services/artifactregistry.googleapis.com 200
[debug] [2025-05-02T06:17:21.147Z] <<< [apiv2][body] GET https://serviceusage.googleapis.com/v1/projects/email-summary-69414/services/artifactregistry.googleapis.com [omitted]
[info] ✔  artifactregistry: required API artifactregistry.googleapis.com is enabled 
[debug] [2025-05-02T06:17:21.148Z] Checked if tokens are valid: true, expires at: 1746169258494
[debug] [2025-05-02T06:17:21.148Z] Checked if tokens are valid: true, expires at: 1746169258494
[debug] [2025-05-02T06:17:21.149Z] >>> [apiv2][query] GET https://firebase.googleapis.com/v1beta1/projects/email-summary-69414/adminSdkConfig [none]
[debug] [2025-05-02T06:17:21.673Z] <<< [apiv2][status] GET https://firebase.googleapis.com/v1beta1/projects/email-summary-69414/adminSdkConfig 200
[debug] [2025-05-02T06:17:21.673Z] <<< [apiv2][body] GET https://firebase.googleapis.com/v1beta1/projects/email-summary-69414/adminSdkConfig {"projectId":"email-summary-69414","storageBucket":"email-summary-69414.firebasestorage.app"}
[debug] [2025-05-02T06:17:21.674Z] Checked if tokens are valid: true, expires at: 1746169258494
[debug] [2025-05-02T06:17:21.674Z] Checked if tokens are valid: true, expires at: 1746169258494
[debug] [2025-05-02T06:17:21.674Z] >>> [apiv2][query] GET https://runtimeconfig.googleapis.com/v1beta1/projects/email-summary-69414/configs [none]
[debug] [2025-05-02T06:17:22.028Z] <<< [apiv2][status] GET https://runtimeconfig.googleapis.com/v1beta1/projects/email-summary-69414/configs 200
[debug] [2025-05-02T06:17:22.028Z] <<< [apiv2][body] GET https://runtimeconfig.googleapis.com/v1beta1/projects/email-summary-69414/configs {}
[debug] [2025-05-02T06:17:22.031Z] Validating nodejs source
[debug] [2025-05-02T06:17:22.427Z] > [functions] package.json contents: {
  "name": "functions",
  "description": "Cloud Functions for Firebase",
  "scripts": {
    "lint": "eslint .",
    "serve": "firebase emulators:start --only functions",
    "shell": "firebase functions:shell",
    "start": "npm run shell",
    "deploy": "firebase deploy --only functions",
    "logs": "firebase functions:log"
  },
  "engines": {
    "node": "22"
  },
  "main": "index.js",
  "devDependencies": {
    "eslint": "^8.15.0",
    "eslint-config-google": "^0.14.0",
    "firebase-functions-test": "^3.1.0"
  },
  "private": true,
  "dependencies": {
    "cors": "^2.8.5",
    "firebase-admin": "^13.3.0",
    "firebase-functions": "^6.3.2"
  }
}
[debug] [2025-05-02T06:17:22.427Z] Building nodejs source
[info] i  functions: Loading and analyzing source code for codebase default to determine what to deploy 
[debug] [2025-05-02T06:17:22.428Z] Could not find functions.yaml. Must use http discovery
[debug] [2025-05-02T06:17:22.432Z] Found firebase-functions binary at '/Users/raghavendraboddupalli/Documents/hackthon/personal-buddy-ui/functions/node_modules/.bin/firebase-functions'
[info] Serving at port 8087

[debug] [2025-05-02T06:17:22.792Z] Got response from /__/functions.yaml {"endpoints":{"proxyToIBM":{"availableMemoryMb":null,"timeoutSeconds":null,"minInstances":null,"maxInstances":null,"ingressSettings":null,"concurrency":null,"serviceAccountEmail":null,"vpc":null,"platform":"gcfv2","labels":{},"httpsTrigger":{},"entryPoint":"proxyToIBM"}},"specVersion":"v1alpha1","requiredAPIs":[],"extensions":{}}
[info] i  extensions: ensuring required API firebaseextensions.googleapis.com is enabled... 
[debug] [2025-05-02T06:17:26.812Z] Checked if tokens are valid: true, expires at: 1746169258494
[debug] [2025-05-02T06:17:26.812Z] Checked if tokens are valid: true, expires at: 1746169258494
[debug] [2025-05-02T06:17:26.812Z] >>> [apiv2][query] GET https://serviceusage.googleapis.com/v1/projects/email-summary-69414/services/firebaseextensions.googleapis.com [none]
[debug] [2025-05-02T06:17:26.812Z] >>> [apiv2][(partial)header] GET https://serviceusage.googleapis.com/v1/projects/email-summary-69414/services/firebaseextensions.googleapis.com x-goog-quota-user=projects/email-summary-69414
[debug] [2025-05-02T06:17:28.419Z] <<< [apiv2][status] GET https://serviceusage.googleapis.com/v1/projects/email-summary-69414/services/firebaseextensions.googleapis.com 200
[debug] [2025-05-02T06:17:28.419Z] <<< [apiv2][body] GET https://serviceusage.googleapis.com/v1/projects/email-summary-69414/services/firebaseextensions.googleapis.com [omitted]
[info] ✔  extensions: required API firebaseextensions.googleapis.com is enabled 
[debug] [2025-05-02T06:17:28.419Z] > command requires scopes: ["email","openid","https://www.googleapis.com/auth/cloudplatformprojects.readonly","https://www.googleapis.com/auth/firebase","https://www.googleapis.com/auth/cloud-platform"]
[debug] [2025-05-02T06:17:28.420Z] > authorizing via signed-in user (personalbuddycfc@gmail.com)
[debug] [2025-05-02T06:17:28.420Z] [iam] checking project email-summary-69414 for permissions ["firebase.projects.get","firebaseextensions.instances.list"]
[debug] [2025-05-02T06:17:28.420Z] Checked if tokens are valid: true, expires at: 1746169258494
[debug] [2025-05-02T06:17:28.420Z] Checked if tokens are valid: true, expires at: 1746169258494
[debug] [2025-05-02T06:17:28.421Z] >>> [apiv2][query] POST https://cloudresourcemanager.googleapis.com/v1/projects/email-summary-69414:testIamPermissions [none]
[debug] [2025-05-02T06:17:28.421Z] >>> [apiv2][(partial)header] POST https://cloudresourcemanager.googleapis.com/v1/projects/email-summary-69414:testIamPermissions x-goog-quota-user=projects/email-summary-69414
[debug] [2025-05-02T06:17:28.421Z] >>> [apiv2][body] POST https://cloudresourcemanager.googleapis.com/v1/projects/email-summary-69414:testIamPermissions {"permissions":["firebase.projects.get","firebaseextensions.instances.list"]}
[debug] [2025-05-02T06:17:29.932Z] <<< [apiv2][status] POST https://cloudresourcemanager.googleapis.com/v1/projects/email-summary-69414:testIamPermissions 200
[debug] [2025-05-02T06:17:29.932Z] <<< [apiv2][body] POST https://cloudresourcemanager.googleapis.com/v1/projects/email-summary-69414:testIamPermissions {"permissions":["firebase.projects.get","firebaseextensions.instances.list"]}
[debug] [2025-05-02T06:17:29.933Z] Checked if tokens are valid: true, expires at: 1746169258494
[debug] [2025-05-02T06:17:29.933Z] Checked if tokens are valid: true, expires at: 1746169258494
[debug] [2025-05-02T06:17:29.933Z] >>> [apiv2][query] GET https://firebaseextensions.googleapis.com/v1beta/projects/email-summary-69414/instances pageSize=100&pageToken=
[debug] [2025-05-02T06:17:31.584Z] <<< [apiv2][status] GET https://firebaseextensions.googleapis.com/v1beta/projects/email-summary-69414/instances 200
[debug] [2025-05-02T06:17:31.585Z] <<< [apiv2][body] GET https://firebaseextensions.googleapis.com/v1beta/projects/email-summary-69414/instances {}
[info] i  functions: preparing functions directory for uploading... 
[info] i  functions: packaged /Users/raghavendraboddupalli/Documents/hackthon/personal-buddy-ui/functions (71.82 KB) for uploading 
[debug] [2025-05-02T06:17:31.622Z] Checked if tokens are valid: true, expires at: 1746169258494
[debug] [2025-05-02T06:17:31.622Z] Checked if tokens are valid: true, expires at: 1746169258494
[debug] [2025-05-02T06:17:31.622Z] >>> [apiv2][query] GET https://cloudfunctions.googleapis.com/v1/projects/email-summary-69414/locations/-/functions [none]
[debug] [2025-05-02T06:17:32.655Z] <<< [apiv2][status] GET https://cloudfunctions.googleapis.com/v1/projects/email-summary-69414/locations/-/functions 200
[debug] [2025-05-02T06:17:32.655Z] <<< [apiv2][body] GET https://cloudfunctions.googleapis.com/v1/projects/email-summary-69414/locations/-/functions {}
[debug] [2025-05-02T06:17:32.656Z] Checked if tokens are valid: true, expires at: 1746169258494
[debug] [2025-05-02T06:17:32.656Z] Checked if tokens are valid: true, expires at: 1746169258494
[debug] [2025-05-02T06:17:32.656Z] >>> [apiv2][query] GET https://cloudfunctions.googleapis.com/v2/projects/email-summary-69414/locations/-/functions filter=environment%3D%22GEN_2%22
[debug] [2025-05-02T06:17:34.446Z] <<< [apiv2][status] GET https://cloudfunctions.googleapis.com/v2/projects/email-summary-69414/locations/-/functions 200
[debug] [2025-05-02T06:17:34.447Z] <<< [apiv2][body] GET https://cloudfunctions.googleapis.com/v2/projects/email-summary-69414/locations/-/functions {"functions":[{"name":"projects/email-summary-69414/locations/us-central1/functions/proxyToIBM","buildConfig":{"build":"projects/88138015277/locations/us-central1/builds/14cd15d3-bae9-4f70-9ecd-8c7e9844a8be","runtime":"nodejs22","entryPoint":"proxyToIBM","source":{"storageSource":{"bucket":"gcf-v2-sources-88138015277-us-central1","object":"proxyToIBM/function-source.zip","generation":"1746166098086363"}},"environmentVariables":{"GOOGLE_NODE_RUN_SCRIPTS":""},"dockerRepository":"projects/email-summary-69414/locations/us-central1/repositories/gcf-artifacts","serviceAccount":"projects/email-summary-69414/serviceAccounts/88138015277-compute@developer.gserviceaccount.com","automaticUpdatePolicy":{}},"serviceConfig":{"service":"projects/email-summary-69414/locations/us-central1/services/proxytoibm","timeoutSeconds":60,"environmentVariables":{"FIREBASE_CONFIG":"{\"projectId\":\"email-summary-69414\",\"storageBucket\":\"email-summary-69414.firebasestorage.app\"}","GCLOUD_PROJECT":"email-summary-69414","EVENTARC_CLOUD_EVENT_SOURCE":"projects/email-summary-69414/locations/us-central1/services/proxyToIBM","FUNCTION_TARGET":"proxyToIBM","LOG_EXECUTION_ID":"true"},"maxInstanceCount":40,"ingressSettings":"ALLOW_ALL","serviceAccountEmail":"88138015277-compute@developer.gserviceaccount.com","availableMemory":"256Mi","allTrafficOnLatestRevision":true,"revision":"proxytoibm-00004-can","maxInstanceRequestConcurrency":80,"availableCpu":"1"},"state":"ACTIVE","updateTime":"2025-05-02T06:09:06.392093904Z","labels":{"deployment-tool":"cli-firebase","firebase-functions-hash":"218b8604e6f771b7d31fea03d87ded8ba16fe981"},"environment":"GEN_2","url":"https://us-central1-email-summary-69414.cloudfunctions.net/proxyToIBM","createTime":"2025-05-01T18:13:32.031728500Z","satisfiesPzi":true}]}
[info] i  functions: ensuring required API run.googleapis.com is enabled... 
[debug] [2025-05-02T06:17:34.452Z] Checked if tokens are valid: true, expires at: 1746169258494
[debug] [2025-05-02T06:17:34.452Z] Checked if tokens are valid: true, expires at: 1746169258494
[info] i  functions: ensuring required API eventarc.googleapis.com is enabled... 
[debug] [2025-05-02T06:17:34.453Z] Checked if tokens are valid: true, expires at: 1746169258494
[debug] [2025-05-02T06:17:34.453Z] Checked if tokens are valid: true, expires at: 1746169258494
[info] i  functions: ensuring required API pubsub.googleapis.com is enabled... 
[debug] [2025-05-02T06:17:34.453Z] Checked if tokens are valid: true, expires at: 1746169258494
[debug] [2025-05-02T06:17:34.453Z] Checked if tokens are valid: true, expires at: 1746169258494
[info] i  functions: ensuring required API storage.googleapis.com is enabled... 
[debug] [2025-05-02T06:17:34.453Z] Checked if tokens are valid: true, expires at: 1746169258494
[debug] [2025-05-02T06:17:34.453Z] Checked if tokens are valid: true, expires at: 1746169258494
[debug] [2025-05-02T06:17:34.453Z] >>> [apiv2][query] GET https://serviceusage.googleapis.com/v1/projects/email-summary-69414/services/run.googleapis.com [none]
[debug] [2025-05-02T06:17:34.454Z] >>> [apiv2][(partial)header] GET https://serviceusage.googleapis.com/v1/projects/email-summary-69414/services/run.googleapis.com x-goog-quota-user=projects/email-summary-69414
[debug] [2025-05-02T06:17:34.457Z] >>> [apiv2][query] GET https://serviceusage.googleapis.com/v1/projects/email-summary-69414/services/eventarc.googleapis.com [none]
[debug] [2025-05-02T06:17:34.457Z] >>> [apiv2][(partial)header] GET https://serviceusage.googleapis.com/v1/projects/email-summary-69414/services/eventarc.googleapis.com x-goog-quota-user=projects/email-summary-69414
[debug] [2025-05-02T06:17:34.459Z] >>> [apiv2][query] GET https://serviceusage.googleapis.com/v1/projects/email-summary-69414/services/pubsub.googleapis.com [none]
[debug] [2025-05-02T06:17:34.459Z] >>> [apiv2][(partial)header] GET https://serviceusage.googleapis.com/v1/projects/email-summary-69414/services/pubsub.googleapis.com x-goog-quota-user=projects/email-summary-69414
[debug] [2025-05-02T06:17:34.461Z] >>> [apiv2][query] GET https://serviceusage.googleapis.com/v1/projects/email-summary-69414/services/storage.googleapis.com [none]
[debug] [2025-05-02T06:17:34.461Z] >>> [apiv2][(partial)header] GET https://serviceusage.googleapis.com/v1/projects/email-summary-69414/services/storage.googleapis.com x-goog-quota-user=projects/email-summary-69414
[debug] [2025-05-02T06:17:36.033Z] <<< [apiv2][status] GET https://serviceusage.googleapis.com/v1/projects/email-summary-69414/services/eventarc.googleapis.com 200
[debug] [2025-05-02T06:17:36.033Z] <<< [apiv2][body] GET https://serviceusage.googleapis.com/v1/projects/email-summary-69414/services/eventarc.googleapis.com [omitted]
[info] ✔  functions: required API eventarc.googleapis.com is enabled 
[debug] [2025-05-02T06:17:36.041Z] <<< [apiv2][status] GET https://serviceusage.googleapis.com/v1/projects/email-summary-69414/services/pubsub.googleapis.com 200
[debug] [2025-05-02T06:17:36.041Z] <<< [apiv2][body] GET https://serviceusage.googleapis.com/v1/projects/email-summary-69414/services/pubsub.googleapis.com [omitted]
[info] ✔  functions: required API pubsub.googleapis.com is enabled 
[debug] [2025-05-02T06:17:36.072Z] <<< [apiv2][status] GET https://serviceusage.googleapis.com/v1/projects/email-summary-69414/services/run.googleapis.com 200
[debug] [2025-05-02T06:17:36.073Z] <<< [apiv2][body] GET https://serviceusage.googleapis.com/v1/projects/email-summary-69414/services/run.googleapis.com [omitted]
[info] ✔  functions: required API run.googleapis.com is enabled 
[debug] [2025-05-02T06:17:36.082Z] <<< [apiv2][status] GET https://serviceusage.googleapis.com/v1/projects/email-summary-69414/services/storage.googleapis.com 200
[debug] [2025-05-02T06:17:36.082Z] <<< [apiv2][body] GET https://serviceusage.googleapis.com/v1/projects/email-summary-69414/services/storage.googleapis.com [omitted]
[info] ✔  functions: required API storage.googleapis.com is enabled 
[info] i  functions: generating the service identity for pubsub.googleapis.com... 
[debug] [2025-05-02T06:17:36.083Z] Checked if tokens are valid: true, expires at: 1746169258494
[debug] [2025-05-02T06:17:36.083Z] Checked if tokens are valid: true, expires at: 1746169258494
[info] i  functions: generating the service identity for eventarc.googleapis.com... 
[debug] [2025-05-02T06:17:36.083Z] Checked if tokens are valid: true, expires at: 1746169258494
[debug] [2025-05-02T06:17:36.083Z] Checked if tokens are valid: true, expires at: 1746169258494
[debug] [2025-05-02T06:17:36.084Z] >>> [apiv2][query] POST https://serviceusage.googleapis.com/v1beta1/projects/88138015277/services/pubsub.googleapis.com:generateServiceIdentity [none]
[debug] [2025-05-02T06:17:36.084Z] >>> [apiv2][query] POST https://serviceusage.googleapis.com/v1beta1/projects/88138015277/services/eventarc.googleapis.com:generateServiceIdentity [none]
[debug] [2025-05-02T06:17:36.431Z] <<< [apiv2][status] POST https://serviceusage.googleapis.com/v1beta1/projects/88138015277/services/eventarc.googleapis.com:generateServiceIdentity 200
[debug] [2025-05-02T06:17:36.431Z] <<< [apiv2][body] POST https://serviceusage.googleapis.com/v1beta1/projects/88138015277/services/eventarc.googleapis.com:generateServiceIdentity {"name":"operations/finished.DONE_OPERATION","done":true,"response":{"@type":"type.googleapis.com/google.api.serviceusage.v1beta1.ServiceIdentity","email":"service-88138015277@gcp-sa-eventarc.iam.gserviceaccount.com","uniqueId":"110950438188773968313"}}
[debug] [2025-05-02T06:17:36.560Z] <<< [apiv2][status] POST https://serviceusage.googleapis.com/v1beta1/projects/88138015277/services/pubsub.googleapis.com:generateServiceIdentity 200
[debug] [2025-05-02T06:17:36.560Z] <<< [apiv2][body] POST https://serviceusage.googleapis.com/v1beta1/projects/88138015277/services/pubsub.googleapis.com:generateServiceIdentity {"name":"operations/finished.DONE_OPERATION","done":true,"response":{"@type":"type.googleapis.com/google.api.serviceusage.v1beta1.ServiceIdentity","email":"service-88138015277@gcp-sa-pubsub.iam.gserviceaccount.com","uniqueId":"100346151501999571640"}}
[debug] [2025-05-02T06:17:36.563Z] Checked if tokens are valid: true, expires at: 1746169258494
[debug] [2025-05-02T06:17:36.563Z] Checked if tokens are valid: true, expires at: 1746169258494
[debug] [2025-05-02T06:17:36.563Z] >>> [apiv2][query] GET https://cloudresourcemanager.googleapis.com/v1/projects/email-summary-69414 [none]
[debug] [2025-05-02T06:17:38.150Z] <<< [apiv2][status] GET https://cloudresourcemanager.googleapis.com/v1/projects/email-summary-69414 200
[debug] [2025-05-02T06:17:38.150Z] <<< [apiv2][body] GET https://cloudresourcemanager.googleapis.com/v1/projects/email-summary-69414 {"projectNumber":"88138015277","projectId":"email-summary-69414","lifecycleState":"ACTIVE","name":"email-summary","labels":{"firebase":"enabled","firebase-core":"disabled"},"createTime":"2025-04-27T15:20:53.872253Z"}
[debug] [2025-05-02T06:17:38.152Z] Checked if tokens are valid: true, expires at: 1746169258494
[debug] [2025-05-02T06:17:38.152Z] Checked if tokens are valid: true, expires at: 1746169258494
[debug] [2025-05-02T06:17:38.152Z] >>> [apiv2][query] GET https://cloudbilling.googleapis.com/v1/projects/email-summary-69414/billingInfo [none]
[debug] [2025-05-02T06:17:38.961Z] <<< [apiv2][status] GET https://cloudbilling.googleapis.com/v1/projects/email-summary-69414/billingInfo 200
[debug] [2025-05-02T06:17:38.961Z] <<< [apiv2][body] GET https://cloudbilling.googleapis.com/v1/projects/email-summary-69414/billingInfo {"name":"projects/email-summary-69414/billingInfo","projectId":"email-summary-69414","billingAccountName":"billingAccounts/017E5A-AC3156-9C9D43","billingEnabled":true}
[debug] [2025-05-02T06:17:38.964Z] Checked if tokens are valid: true, expires at: 1746169258494
[debug] [2025-05-02T06:17:38.964Z] Checked if tokens are valid: true, expires at: 1746169258494
[debug] [2025-05-02T06:17:38.964Z] >>> [apiv2][query] POST https://cloudfunctions.googleapis.com/v2/projects/email-summary-69414/locations/us-central1/functions:generateUploadUrl [none]
[debug] [2025-05-02T06:17:40.367Z] <<< [apiv2][status] POST https://cloudfunctions.googleapis.com/v2/projects/email-summary-69414/locations/us-central1/functions:generateUploadUrl 200
[debug] [2025-05-02T06:17:40.368Z] <<< [apiv2][body] POST https://cloudfunctions.googleapis.com/v2/projects/email-summary-69414/locations/us-central1/functions:generateUploadUrl {"uploadUrl":"https://storage.googleapis.com/gcf-v2-uploads-88138015277.us-central1.cloudfunctions.appspot.com/99c78509-5c67-4491-ba4d-f9c73a53d735.zip?GoogleAccessId=service-88138015277@gcf-admin-robot.iam.gserviceaccount.com&Expires=1746168460&Signature=ZmWiaQVVRlD2V%2Bb1IzDl7Tiu0B7xxt2Vx%2B9MhCCMsxqSeFECvL4yN4sSgoacVF7vvl1tayY4pC%2Fqhi231TcirXeHx0HKTYy%2FCYrOOIic0UjfJhMOUSsbiOhPxLcw3kFYrzNQgEqdnnNiGKJh4CGWSjfd2vGzORq6fT2Uuq8iBPgCvQGsduquWWKCuVnxYTbLdfYh9B0imEpm9micPqZ%2BvjS6fkYBT5tpFBFoAu6PkV9wER7KxPhSv%2BbGeZbUgGkPeRMFQvwAuXd2v91djVlxRk4K4diArROnNywRJuKiou41OGtbBq%2Fb1AMyHoNcwIQjpy6LfcP20OeC79uq%2B12%2FHg%3D%3D","storageSource":{"bucket":"gcf-v2-uploads-88138015277.us-central1.cloudfunctions.appspot.com","object":"99c78509-5c67-4491-ba4d-f9c73a53d735.zip"}}
[debug] [2025-05-02T06:17:40.368Z] >>> [apiv2][query] PUT https://storage.googleapis.com/gcf-v2-uploads-88138015277.us-central1.cloudfunctions.appspot.com/99c78509-5c67-4491-ba4d-f9c73a53d735.zip GoogleAccessId=service-88138015277%40gcf-admin-robot.iam.gserviceaccount.com&Expires=1746168460&Signature=ZmWiaQVVRlD2V%2Bb1IzDl7Tiu0B7xxt2Vx%2B9MhCCMsxqSeFECvL4yN4sSgoacVF7vvl1tayY4pC%2Fqhi231TcirXeHx0HKTYy%2FCYrOOIic0UjfJhMOUSsbiOhPxLcw3kFYrzNQgEqdnnNiGKJh4CGWSjfd2vGzORq6fT2Uuq8iBPgCvQGsduquWWKCuVnxYTbLdfYh9B0imEpm9micPqZ%2BvjS6fkYBT5tpFBFoAu6PkV9wER7KxPhSv%2BbGeZbUgGkPeRMFQvwAuXd2v91djVlxRk4K4diArROnNywRJuKiou41OGtbBq%2Fb1AMyHoNcwIQjpy6LfcP20OeC79uq%2B12%2FHg%3D%3D
[debug] [2025-05-02T06:17:40.368Z] >>> [apiv2][body] PUT https://storage.googleapis.com/gcf-v2-uploads-88138015277.us-central1.cloudfunctions.appspot.com/99c78509-5c67-4491-ba4d-f9c73a53d735.zip [stream]
[debug] [2025-05-02T06:17:41.455Z] <<< [apiv2][status] PUT https://storage.googleapis.com/gcf-v2-uploads-88138015277.us-central1.cloudfunctions.appspot.com/99c78509-5c67-4491-ba4d-f9c73a53d735.zip 200
[debug] [2025-05-02T06:17:41.455Z] <<< [apiv2][body] PUT https://storage.googleapis.com/gcf-v2-uploads-88138015277.us-central1.cloudfunctions.appspot.com/99c78509-5c67-4491-ba4d-f9c73a53d735.zip [omitted]
[info] ✔  functions: functions folder uploaded successfully 
[info] i  functions: updating Node.js 22 (2nd Gen) function proxyToIBM(us-central1)... 
[debug] [2025-05-02T06:17:41.461Z] Checked if tokens are valid: true, expires at: 1746169258494
[debug] [2025-05-02T06:17:41.462Z] Checked if tokens are valid: true, expires at: 1746169258494
[debug] [2025-05-02T06:17:41.462Z] >>> [apiv2][query] PATCH https://cloudfunctions.googleapis.com/v2/projects/email-summary-69414/locations/us-central1/functions/proxyToIBM updateMask=name%2CbuildConfig.runtime%2CbuildConfig.entryPoint%2CbuildConfig.source.storageSource.bucket%2CbuildConfig.source.storageSource.object%2CbuildConfig.environmentVariables%2CbuildConfig.sourceToken%2CserviceConfig.environmentVariables%2CserviceConfig.ingressSettings%2CserviceConfig.timeoutSeconds%2CserviceConfig.serviceAccountEmail%2CserviceConfig.availableMemory%2CserviceConfig.minInstanceCount%2CserviceConfig.maxInstanceCount%2CserviceConfig.maxInstanceRequestConcurrency%2CserviceConfig.availableCpu%2CserviceConfig.vpcConnector%2CserviceConfig.vpcConnectorEgressSettings%2Clabels%2CbuildConfig.buildEnvironmentVariables
[debug] [2025-05-02T06:17:41.462Z] >>> [apiv2][body] PATCH https://cloudfunctions.googleapis.com/v2/projects/email-summary-69414/locations/us-central1/functions/proxyToIBM {"name":"projects/email-summary-69414/locations/us-central1/functions/proxyToIBM","buildConfig":{"runtime":"nodejs22","entryPoint":"proxyToIBM","source":{"storageSource":{"bucket":"gcf-v2-uploads-88138015277.us-central1.cloudfunctions.appspot.com","object":"99c78509-5c67-4491-ba4d-f9c73a53d735.zip"}},"environmentVariables":{"GOOGLE_NODE_RUN_SCRIPTS":""}},"serviceConfig":{"environmentVariables":{"FIREBASE_CONFIG":"{\"projectId\":\"email-summary-69414\",\"storageBucket\":\"email-summary-69414.firebasestorage.app\"}","GCLOUD_PROJECT":"email-summary-69414","EVENTARC_CLOUD_EVENT_SOURCE":"projects/email-summary-69414/locations/us-central1/services/proxyToIBM","FUNCTION_TARGET":"proxyToIBM","LOG_EXECUTION_ID":"true"},"ingressSettings":null,"timeoutSeconds":null,"serviceAccountEmail":null,"availableMemory":"256Mi","minInstanceCount":null,"maxInstanceCount":null,"maxInstanceRequestConcurrency":80,"availableCpu":"1","vpcConnector":null,"vpcConnectorEgressSettings":null},"labels":{"deployment-tool":"cli-firebase","firebase-functions-hash":"b8e8a35a9b45adcba22eabbcf151ae53919acdc1"}}
[debug] [2025-05-02T06:17:43.521Z] <<< [apiv2][status] PATCH https://cloudfunctions.googleapis.com/v2/projects/email-summary-69414/locations/us-central1/functions/proxyToIBM 200
[debug] [2025-05-02T06:17:43.522Z] <<< [apiv2][body] PATCH https://cloudfunctions.googleapis.com/v2/projects/email-summary-69414/locations/us-central1/functions/proxyToIBM {"name":"projects/email-summary-69414/locations/us-central1/operations/operation-1746166662717-634211ba65e68-aeaba5e7-f3fffbe3","metadata":{"@type":"type.googleapis.com/google.cloud.functions.v2.OperationMetadata","createTime":"2025-05-02T06:17:43.411594230Z","target":"projects/email-summary-69414/locations/us-central1/functions/proxyToIBM","verb":"update","cancelRequested":false,"apiVersion":"v2"},"done":false}
[debug] [2025-05-02T06:17:43.523Z] Checked if tokens are valid: true, expires at: 1746169258494
[debug] [2025-05-02T06:17:43.523Z] Checked if tokens are valid: true, expires at: 1746169258494
[debug] [2025-05-02T06:17:43.523Z] >>> [apiv2][query] GET https://cloudfunctions.googleapis.com/v2/projects/email-summary-69414/locations/us-central1/operations/operation-1746166662717-634211ba65e68-aeaba5e7-f3fffbe3 [none]
[debug] [2025-05-02T06:17:44.871Z] <<< [apiv2][status] GET https://cloudfunctions.googleapis.com/v2/projects/email-summary-69414/locations/us-central1/operations/operation-1746166662717-634211ba65e68-aeaba5e7-f3fffbe3 200
[debug] [2025-05-02T06:17:44.871Z] <<< [apiv2][body] GET https://cloudfunctions.googleapis.com/v2/projects/email-summary-69414/locations/us-central1/operations/operation-1746166662717-634211ba65e68-aeaba5e7-f3fffbe3 {"name":"projects/email-summary-69414/locations/us-central1/operations/operation-1746166662717-634211ba65e68-aeaba5e7-f3fffbe3","metadata":{"@type":"type.googleapis.com/google.cloud.functions.v2.OperationMetadata","createTime":"2025-05-02T06:17:43.411594230Z","target":"projects/email-summary-69414/locations/us-central1/functions/proxyToIBM","verb":"update","cancelRequested":false,"apiVersion":"v2","requestResource":{"@type":"type.googleapis.com/google.cloud.functions.v2.Function","name":"projects/email-summary-69414/locations/us-central1/functions/proxyToIBM","buildConfig":{"runtime":"nodejs22","entryPoint":"proxyToIBM","source":{"storageSource":{"bucket":"gcf-v2-sources-88138015277-us-central1","object":"proxyToIBM/function-source.zip","generation":"1746166663349958"}},"environmentVariables":{"GOOGLE_NODE_RUN_SCRIPTS":""},"dockerRepository":"projects/email-summary-69414/locations/us-central1/repositories/gcf-artifacts","serviceAccount":"projects/email-summary-69414/serviceAccounts/88138015277-compute@developer.gserviceaccount.com","automaticUpdatePolicy":{}},"serviceConfig":{"service":"projects/email-summary-69414/locations/us-central1/services/proxytoibm","timeoutSeconds":60,"environmentVariables":{"FIREBASE_CONFIG":"{\"projectId\":\"email-summary-69414\",\"storageBucket\":\"email-summary-69414.firebasestorage.app\"}","GCLOUD_PROJECT":"email-summary-69414","EVENTARC_CLOUD_EVENT_SOURCE":"projects/email-summary-69414/locations/us-central1/services/proxyToIBM","FUNCTION_TARGET":"proxyToIBM","LOG_EXECUTION_ID":"true"},"ingressSettings":"ALLOW_ALL","serviceAccountEmail":"88138015277-compute@developer.gserviceaccount.com","availableMemory":"256Mi","allTrafficOnLatestRevision":true,"revision":"proxytoibm-00004-can","maxInstanceRequestConcurrency":80,"availableCpu":"1"},"state":"ACTIVE","labels":{"deployment-tool":"cloudfunctions","firebase-functions-hash":"b8e8a35a9b45adcba22eabbcf151ae53919acdc1"},"environment":"GEN_2","url":"https://us-central1-email-summary-69414.cloudfunctions.net/proxyToIBM","satisfiesPzi":true},"stages":[{"name":"BUILD","message":"Build in progress","state":"IN_PROGRESS","resource":"projects/88138015277/locations/us-central1/builds/d0b8498b-c335-41b0-8891-6b4679e2df2d","resourceUri":"https://console.cloud.google.com/cloud-build/builds;region=us-central1/d0b8498b-c335-41b0-8891-6b4679e2df2d?project=88138015277"},{"name":"SERVICE","state":"NOT_STARTED"}],"operationType":"UPDATE_FUNCTION","buildName":"projects/88138015277/locations/us-central1/builds/d0b8498b-c335-41b0-8891-6b4679e2df2d"},"done":false}
[debug] [2025-05-02T06:17:45.374Z] [update-default-us-central1-proxyToIBM] Retrying task index 0
[debug] [2025-05-02T06:17:45.374Z] Checked if tokens are valid: true, expires at: 1746169258494
[debug] [2025-05-02T06:17:45.375Z] Checked if tokens are valid: true, expires at: 1746169258494
[debug] [2025-05-02T06:17:45.375Z] >>> [apiv2][query] GET https://cloudfunctions.googleapis.com/v2/projects/email-summary-69414/locations/us-central1/operations/operation-1746166662717-634211ba65e68-aeaba5e7-f3fffbe3 [none]
[debug] [2025-05-02T06:17:46.695Z] <<< [apiv2][status] GET https://cloudfunctions.googleapis.com/v2/projects/email-summary-69414/locations/us-central1/operations/operation-1746166662717-634211ba65e68-aeaba5e7-f3fffbe3 200
[debug] [2025-05-02T06:17:46.695Z] <<< [apiv2][body] GET https://cloudfunctions.googleapis.com/v2/projects/email-summary-69414/locations/us-central1/operations/operation-1746166662717-634211ba65e68-aeaba5e7-f3fffbe3 {"name":"projects/email-summary-69414/locations/us-central1/operations/operation-1746166662717-634211ba65e68-aeaba5e7-f3fffbe3","metadata":{"@type":"type.googleapis.com/google.cloud.functions.v2.OperationMetadata","createTime":"2025-05-02T06:17:43.411594230Z","target":"projects/email-summary-69414/locations/us-central1/functions/proxyToIBM","verb":"update","cancelRequested":false,"apiVersion":"v2","requestResource":{"@type":"type.googleapis.com/google.cloud.functions.v2.Function","name":"projects/email-summary-69414/locations/us-central1/functions/proxyToIBM","buildConfig":{"runtime":"nodejs22","entryPoint":"proxyToIBM","source":{"storageSource":{"bucket":"gcf-v2-sources-88138015277-us-central1","object":"proxyToIBM/function-source.zip","generation":"1746166663349958"}},"environmentVariables":{"GOOGLE_NODE_RUN_SCRIPTS":""},"dockerRepository":"projects/email-summary-69414/locations/us-central1/repositories/gcf-artifacts","serviceAccount":"projects/email-summary-69414/serviceAccounts/88138015277-compute@developer.gserviceaccount.com","automaticUpdatePolicy":{}},"serviceConfig":{"service":"projects/email-summary-69414/locations/us-central1/services/proxytoibm","timeoutSeconds":60,"environmentVariables":{"FIREBASE_CONFIG":"{\"projectId\":\"email-summary-69414\",\"storageBucket\":\"email-summary-69414.firebasestorage.app\"}","GCLOUD_PROJECT":"email-summary-69414","EVENTARC_CLOUD_EVENT_SOURCE":"projects/email-summary-69414/locations/us-central1/services/proxyToIBM","FUNCTION_TARGET":"proxyToIBM","LOG_EXECUTION_ID":"true"},"ingressSettings":"ALLOW_ALL","serviceAccountEmail":"88138015277-compute@developer.gserviceaccount.com","availableMemory":"256Mi","allTrafficOnLatestRevision":true,"revision":"proxytoibm-00004-can","maxInstanceRequestConcurrency":80,"availableCpu":"1"},"state":"ACTIVE","labels":{"deployment-tool":"cloudfunctions","firebase-functions-hash":"b8e8a35a9b45adcba22eabbcf151ae53919acdc1"},"environment":"GEN_2","url":"https://us-central1-email-summary-69414.cloudfunctions.net/proxyToIBM","satisfiesPzi":true},"stages":[{"name":"BUILD","message":"Build in progress","state":"IN_PROGRESS","resource":"projects/88138015277/locations/us-central1/builds/d0b8498b-c335-41b0-8891-6b4679e2df2d","resourceUri":"https://console.cloud.google.com/cloud-build/builds;region=us-central1/d0b8498b-c335-41b0-8891-6b4679e2df2d?project=88138015277"},{"name":"SERVICE","state":"NOT_STARTED"}],"operationType":"UPDATE_FUNCTION","buildName":"projects/88138015277/locations/us-central1/builds/d0b8498b-c335-41b0-8891-6b4679e2df2d"},"done":false}
[debug] [2025-05-02T06:17:47.696Z] [update-default-us-central1-proxyToIBM] Retrying task index 0
[debug] [2025-05-02T06:17:47.696Z] Checked if tokens are valid: true, expires at: 1746169258494
[debug] [2025-05-02T06:17:47.697Z] Checked if tokens are valid: true, expires at: 1746169258494
[debug] [2025-05-02T06:17:47.697Z] >>> [apiv2][query] GET https://cloudfunctions.googleapis.com/v2/projects/email-summary-69414/locations/us-central1/operations/operation-1746166662717-634211ba65e68-aeaba5e7-f3fffbe3 [none]
[debug] [2025-05-02T06:17:48.998Z] <<< [apiv2][status] GET https://cloudfunctions.googleapis.com/v2/projects/email-summary-69414/locations/us-central1/operations/operation-1746166662717-634211ba65e68-aeaba5e7-f3fffbe3 200
[debug] [2025-05-02T06:17:48.998Z] <<< [apiv2][body] GET https://cloudfunctions.googleapis.com/v2/projects/email-summary-69414/locations/us-central1/operations/operation-1746166662717-634211ba65e68-aeaba5e7-f3fffbe3 {"name":"projects/email-summary-69414/locations/us-central1/operations/operation-1746166662717-634211ba65e68-aeaba5e7-f3fffbe3","metadata":{"@type":"type.googleapis.com/google.cloud.functions.v2.OperationMetadata","createTime":"2025-05-02T06:17:43.411594230Z","target":"projects/email-summary-69414/locations/us-central1/functions/proxyToIBM","verb":"update","cancelRequested":false,"apiVersion":"v2","requestResource":{"@type":"type.googleapis.com/google.cloud.functions.v2.Function","name":"projects/email-summary-69414/locations/us-central1/functions/proxyToIBM","buildConfig":{"runtime":"nodejs22","entryPoint":"proxyToIBM","source":{"storageSource":{"bucket":"gcf-v2-sources-88138015277-us-central1","object":"proxyToIBM/function-source.zip","generation":"1746166663349958"}},"environmentVariables":{"GOOGLE_NODE_RUN_SCRIPTS":""},"dockerRepository":"projects/email-summary-69414/locations/us-central1/repositories/gcf-artifacts","serviceAccount":"projects/email-summary-69414/serviceAccounts/88138015277-compute@developer.gserviceaccount.com","automaticUpdatePolicy":{}},"serviceConfig":{"service":"projects/email-summary-69414/locations/us-central1/services/proxytoibm","timeoutSeconds":60,"environmentVariables":{"FIREBASE_CONFIG":"{\"projectId\":\"email-summary-69414\",\"storageBucket\":\"email-summary-69414.firebasestorage.app\"}","GCLOUD_PROJECT":"email-summary-69414","EVENTARC_CLOUD_EVENT_SOURCE":"projects/email-summary-69414/locations/us-central1/services/proxyToIBM","FUNCTION_TARGET":"proxyToIBM","LOG_EXECUTION_ID":"true"},"ingressSettings":"ALLOW_ALL","serviceAccountEmail":"88138015277-compute@developer.gserviceaccount.com","availableMemory":"256Mi","allTrafficOnLatestRevision":true,"revision":"proxytoibm-00004-can","maxInstanceRequestConcurrency":80,"availableCpu":"1"},"state":"ACTIVE","labels":{"deployment-tool":"cloudfunctions","firebase-functions-hash":"b8e8a35a9b45adcba22eabbcf151ae53919acdc1"},"environment":"GEN_2","url":"https://us-central1-email-summary-69414.cloudfunctions.net/proxyToIBM","satisfiesPzi":true},"stages":[{"name":"BUILD","message":"Build in progress","state":"IN_PROGRESS","resource":"projects/88138015277/locations/us-central1/builds/d0b8498b-c335-41b0-8891-6b4679e2df2d","resourceUri":"https://console.cloud.google.com/cloud-build/builds;region=us-central1/d0b8498b-c335-41b0-8891-6b4679e2df2d?project=88138015277"},{"name":"SERVICE","state":"NOT_STARTED"}],"operationType":"UPDATE_FUNCTION","buildName":"projects/88138015277/locations/us-central1/builds/d0b8498b-c335-41b0-8891-6b4679e2df2d"},"done":false}
[debug] [2025-05-02T06:17:51.000Z] [update-default-us-central1-proxyToIBM] Retrying task index 0
[debug] [2025-05-02T06:17:51.001Z] Checked if tokens are valid: true, expires at: 1746169258494
[debug] [2025-05-02T06:17:51.001Z] Checked if tokens are valid: true, expires at: 1746169258494
[debug] [2025-05-02T06:17:51.002Z] >>> [apiv2][query] GET https://cloudfunctions.googleapis.com/v2/projects/email-summary-69414/locations/us-central1/operations/operation-1746166662717-634211ba65e68-aeaba5e7-f3fffbe3 [none]
[debug] [2025-05-02T06:17:52.333Z] <<< [apiv2][status] GET https://cloudfunctions.googleapis.com/v2/projects/email-summary-69414/locations/us-central1/operations/operation-1746166662717-634211ba65e68-aeaba5e7-f3fffbe3 200
[debug] [2025-05-02T06:17:52.334Z] <<< [apiv2][body] GET https://cloudfunctions.googleapis.com/v2/projects/email-summary-69414/locations/us-central1/operations/operation-1746166662717-634211ba65e68-aeaba5e7-f3fffbe3 {"name":"projects/email-summary-69414/locations/us-central1/operations/operation-1746166662717-634211ba65e68-aeaba5e7-f3fffbe3","metadata":{"@type":"type.googleapis.com/google.cloud.functions.v2.OperationMetadata","createTime":"2025-05-02T06:17:43.411594230Z","target":"projects/email-summary-69414/locations/us-central1/functions/proxyToIBM","verb":"update","cancelRequested":false,"apiVersion":"v2","requestResource":{"@type":"type.googleapis.com/google.cloud.functions.v2.Function","name":"projects/email-summary-69414/locations/us-central1/functions/proxyToIBM","buildConfig":{"runtime":"nodejs22","entryPoint":"proxyToIBM","source":{"storageSource":{"bucket":"gcf-v2-sources-88138015277-us-central1","object":"proxyToIBM/function-source.zip","generation":"1746166663349958"}},"environmentVariables":{"GOOGLE_NODE_RUN_SCRIPTS":""},"dockerRepository":"projects/email-summary-69414/locations/us-central1/repositories/gcf-artifacts","serviceAccount":"projects/email-summary-69414/serviceAccounts/88138015277-compute@developer.gserviceaccount.com","automaticUpdatePolicy":{}},"serviceConfig":{"service":"projects/email-summary-69414/locations/us-central1/services/proxytoibm","timeoutSeconds":60,"environmentVariables":{"FIREBASE_CONFIG":"{\"projectId\":\"email-summary-69414\",\"storageBucket\":\"email-summary-69414.firebasestorage.app\"}","GCLOUD_PROJECT":"email-summary-69414","EVENTARC_CLOUD_EVENT_SOURCE":"projects/email-summary-69414/locations/us-central1/services/proxyToIBM","FUNCTION_TARGET":"proxyToIBM","LOG_EXECUTION_ID":"true"},"ingressSettings":"ALLOW_ALL","serviceAccountEmail":"88138015277-compute@developer.gserviceaccount.com","availableMemory":"256Mi","allTrafficOnLatestRevision":true,"revision":"proxytoibm-00004-can","maxInstanceRequestConcurrency":80,"availableCpu":"1"},"state":"ACTIVE","labels":{"deployment-tool":"cloudfunctions","firebase-functions-hash":"b8e8a35a9b45adcba22eabbcf151ae53919acdc1"},"environment":"GEN_2","url":"https://us-central1-email-summary-69414.cloudfunctions.net/proxyToIBM","satisfiesPzi":true},"stages":[{"name":"BUILD","message":"Build in progress","state":"IN_PROGRESS","resource":"projects/88138015277/locations/us-central1/builds/d0b8498b-c335-41b0-8891-6b4679e2df2d","resourceUri":"https://console.cloud.google.com/cloud-build/builds;region=us-central1/d0b8498b-c335-41b0-8891-6b4679e2df2d?project=88138015277"},{"name":"SERVICE","state":"NOT_STARTED"}],"operationType":"UPDATE_FUNCTION","buildName":"projects/88138015277/locations/us-central1/builds/d0b8498b-c335-41b0-8891-6b4679e2df2d"},"done":false}
[debug] [2025-05-02T06:17:56.334Z] [update-default-us-central1-proxyToIBM] Retrying task index 0
[debug] [2025-05-02T06:17:56.334Z] Checked if tokens are valid: true, expires at: 1746169258494
[debug] [2025-05-02T06:17:56.334Z] Checked if tokens are valid: true, expires at: 1746169258494
[debug] [2025-05-02T06:17:56.335Z] >>> [apiv2][query] GET https://cloudfunctions.googleapis.com/v2/projects/email-summary-69414/locations/us-central1/operations/operation-1746166662717-634211ba65e68-aeaba5e7-f3fffbe3 [none]
[debug] [2025-05-02T06:17:57.663Z] <<< [apiv2][status] GET https://cloudfunctions.googleapis.com/v2/projects/email-summary-69414/locations/us-central1/operations/operation-1746166662717-634211ba65e68-aeaba5e7-f3fffbe3 200
[debug] [2025-05-02T06:17:57.663Z] <<< [apiv2][body] GET https://cloudfunctions.googleapis.com/v2/projects/email-summary-69414/locations/us-central1/operations/operation-1746166662717-634211ba65e68-aeaba5e7-f3fffbe3 {"name":"projects/email-summary-69414/locations/us-central1/operations/operation-1746166662717-634211ba65e68-aeaba5e7-f3fffbe3","metadata":{"@type":"type.googleapis.com/google.cloud.functions.v2.OperationMetadata","createTime":"2025-05-02T06:17:43.411594230Z","target":"projects/email-summary-69414/locations/us-central1/functions/proxyToIBM","verb":"update","cancelRequested":false,"apiVersion":"v2","requestResource":{"@type":"type.googleapis.com/google.cloud.functions.v2.Function","name":"projects/email-summary-69414/locations/us-central1/functions/proxyToIBM","buildConfig":{"runtime":"nodejs22","entryPoint":"proxyToIBM","source":{"storageSource":{"bucket":"gcf-v2-sources-88138015277-us-central1","object":"proxyToIBM/function-source.zip","generation":"1746166663349958"}},"environmentVariables":{"GOOGLE_NODE_RUN_SCRIPTS":""},"dockerRepository":"projects/email-summary-69414/locations/us-central1/repositories/gcf-artifacts","serviceAccount":"projects/email-summary-69414/serviceAccounts/88138015277-compute@developer.gserviceaccount.com","automaticUpdatePolicy":{}},"serviceConfig":{"service":"projects/email-summary-69414/locations/us-central1/services/proxytoibm","timeoutSeconds":60,"environmentVariables":{"FIREBASE_CONFIG":"{\"projectId\":\"email-summary-69414\",\"storageBucket\":\"email-summary-69414.firebasestorage.app\"}","GCLOUD_PROJECT":"email-summary-69414","EVENTARC_CLOUD_EVENT_SOURCE":"projects/email-summary-69414/locations/us-central1/services/proxyToIBM","FUNCTION_TARGET":"proxyToIBM","LOG_EXECUTION_ID":"true"},"ingressSettings":"ALLOW_ALL","serviceAccountEmail":"88138015277-compute@developer.gserviceaccount.com","availableMemory":"256Mi","allTrafficOnLatestRevision":true,"revision":"proxytoibm-00004-can","maxInstanceRequestConcurrency":80,"availableCpu":"1"},"state":"ACTIVE","labels":{"deployment-tool":"cloudfunctions","firebase-functions-hash":"b8e8a35a9b45adcba22eabbcf151ae53919acdc1"},"environment":"GEN_2","url":"https://us-central1-email-summary-69414.cloudfunctions.net/proxyToIBM","satisfiesPzi":true},"stages":[{"name":"BUILD","message":"Build in progress","state":"IN_PROGRESS","resource":"projects/88138015277/locations/us-central1/builds/d0b8498b-c335-41b0-8891-6b4679e2df2d","resourceUri":"https://console.cloud.google.com/cloud-build/builds;region=us-central1/d0b8498b-c335-41b0-8891-6b4679e2df2d?project=88138015277"},{"name":"SERVICE","state":"NOT_STARTED"}],"operationType":"UPDATE_FUNCTION","buildName":"projects/88138015277/locations/us-central1/builds/d0b8498b-c335-41b0-8891-6b4679e2df2d"},"done":false}
[debug] [2025-05-02T06:18:05.665Z] [update-default-us-central1-proxyToIBM] Retrying task index 0
[debug] [2025-05-02T06:18:05.665Z] Checked if tokens are valid: true, expires at: 1746169258494
[debug] [2025-05-02T06:18:05.665Z] Checked if tokens are valid: true, expires at: 1746169258494
[debug] [2025-05-02T06:18:05.666Z] >>> [apiv2][query] GET https://cloudfunctions.googleapis.com/v2/projects/email-summary-69414/locations/us-central1/operations/operation-1746166662717-634211ba65e68-aeaba5e7-f3fffbe3 [none]
[debug] [2025-05-02T06:18:07.112Z] <<< [apiv2][status] GET https://cloudfunctions.googleapis.com/v2/projects/email-summary-69414/locations/us-central1/operations/operation-1746166662717-634211ba65e68-aeaba5e7-f3fffbe3 200
[debug] [2025-05-02T06:18:07.113Z] <<< [apiv2][body] GET https://cloudfunctions.googleapis.com/v2/projects/email-summary-69414/locations/us-central1/operations/operation-1746166662717-634211ba65e68-aeaba5e7-f3fffbe3 {"name":"projects/email-summary-69414/locations/us-central1/operations/operation-1746166662717-634211ba65e68-aeaba5e7-f3fffbe3","metadata":{"@type":"type.googleapis.com/google.cloud.functions.v2.OperationMetadata","createTime":"2025-05-02T06:17:43.411594230Z","target":"projects/email-summary-69414/locations/us-central1/functions/proxyToIBM","verb":"update","cancelRequested":false,"apiVersion":"v2","requestResource":{"@type":"type.googleapis.com/google.cloud.functions.v2.Function","name":"projects/email-summary-69414/locations/us-central1/functions/proxyToIBM","buildConfig":{"runtime":"nodejs22","entryPoint":"proxyToIBM","source":{"storageSource":{"bucket":"gcf-v2-sources-88138015277-us-central1","object":"proxyToIBM/function-source.zip","generation":"1746166663349958"}},"environmentVariables":{"GOOGLE_NODE_RUN_SCRIPTS":""},"dockerRepository":"projects/email-summary-69414/locations/us-central1/repositories/gcf-artifacts","serviceAccount":"projects/email-summary-69414/serviceAccounts/88138015277-compute@developer.gserviceaccount.com","automaticUpdatePolicy":{}},"serviceConfig":{"service":"projects/email-summary-69414/locations/us-central1/services/proxytoibm","timeoutSeconds":60,"environmentVariables":{"FIREBASE_CONFIG":"{\"projectId\":\"email-summary-69414\",\"storageBucket\":\"email-summary-69414.firebasestorage.app\"}","GCLOUD_PROJECT":"email-summary-69414","EVENTARC_CLOUD_EVENT_SOURCE":"projects/email-summary-69414/locations/us-central1/services/proxyToIBM","FUNCTION_TARGET":"proxyToIBM","LOG_EXECUTION_ID":"true"},"ingressSettings":"ALLOW_ALL","serviceAccountEmail":"88138015277-compute@developer.gserviceaccount.com","availableMemory":"256Mi","allTrafficOnLatestRevision":true,"revision":"proxytoibm-00004-can","maxInstanceRequestConcurrency":80,"availableCpu":"1"},"state":"ACTIVE","labels":{"deployment-tool":"cloudfunctions","firebase-functions-hash":"b8e8a35a9b45adcba22eabbcf151ae53919acdc1"},"environment":"GEN_2","url":"https://us-central1-email-summary-69414.cloudfunctions.net/proxyToIBM","satisfiesPzi":true},"stages":[{"name":"BUILD","message":"Build in progress","state":"IN_PROGRESS","resource":"projects/88138015277/locations/us-central1/builds/d0b8498b-c335-41b0-8891-6b4679e2df2d","resourceUri":"https://console.cloud.google.com/cloud-build/builds;region=us-central1/d0b8498b-c335-41b0-8891-6b4679e2df2d?project=88138015277"},{"name":"SERVICE","state":"NOT_STARTED"}],"operationType":"UPDATE_FUNCTION","buildName":"projects/88138015277/locations/us-central1/builds/d0b8498b-c335-41b0-8891-6b4679e2df2d"},"done":false}
[debug] [2025-05-02T06:18:17.114Z] [update-default-us-central1-proxyToIBM] Retrying task index 0
[debug] [2025-05-02T06:18:17.117Z] Checked if tokens are valid: true, expires at: 1746169258494
[debug] [2025-05-02T06:18:17.117Z] Checked if tokens are valid: true, expires at: 1746169258494
[debug] [2025-05-02T06:18:17.117Z] >>> [apiv2][query] GET https://cloudfunctions.googleapis.com/v2/projects/email-summary-69414/locations/us-central1/operations/operation-1746166662717-634211ba65e68-aeaba5e7-f3fffbe3 [none]
[debug] [2025-05-02T06:18:18.567Z] <<< [apiv2][status] GET https://cloudfunctions.googleapis.com/v2/projects/email-summary-69414/locations/us-central1/operations/operation-1746166662717-634211ba65e68-aeaba5e7-f3fffbe3 200
[debug] [2025-05-02T06:18:18.567Z] <<< [apiv2][body] GET https://cloudfunctions.googleapis.com/v2/projects/email-summary-69414/locations/us-central1/operations/operation-1746166662717-634211ba65e68-aeaba5e7-f3fffbe3 {"name":"projects/email-summary-69414/locations/us-central1/operations/operation-1746166662717-634211ba65e68-aeaba5e7-f3fffbe3","metadata":{"@type":"type.googleapis.com/google.cloud.functions.v2.OperationMetadata","createTime":"2025-05-02T06:17:43.411594230Z","target":"projects/email-summary-69414/locations/us-central1/functions/proxyToIBM","verb":"update","cancelRequested":false,"apiVersion":"v2","requestResource":{"@type":"type.googleapis.com/google.cloud.functions.v2.Function","name":"projects/email-summary-69414/locations/us-central1/functions/proxyToIBM","buildConfig":{"runtime":"nodejs22","entryPoint":"proxyToIBM","source":{"storageSource":{"bucket":"gcf-v2-sources-88138015277-us-central1","object":"proxyToIBM/function-source.zip","generation":"1746166663349958"}},"environmentVariables":{"GOOGLE_NODE_RUN_SCRIPTS":""},"dockerRepository":"projects/email-summary-69414/locations/us-central1/repositories/gcf-artifacts","serviceAccount":"projects/email-summary-69414/serviceAccounts/88138015277-compute@developer.gserviceaccount.com","automaticUpdatePolicy":{}},"serviceConfig":{"service":"projects/email-summary-69414/locations/us-central1/services/proxytoibm","timeoutSeconds":60,"environmentVariables":{"FIREBASE_CONFIG":"{\"projectId\":\"email-summary-69414\",\"storageBucket\":\"email-summary-69414.firebasestorage.app\"}","GCLOUD_PROJECT":"email-summary-69414","EVENTARC_CLOUD_EVENT_SOURCE":"projects/email-summary-69414/locations/us-central1/services/proxyToIBM","FUNCTION_TARGET":"proxyToIBM","LOG_EXECUTION_ID":"true"},"ingressSettings":"ALLOW_ALL","serviceAccountEmail":"88138015277-compute@developer.gserviceaccount.com","availableMemory":"256Mi","allTrafficOnLatestRevision":true,"revision":"proxytoibm-00004-can","maxInstanceRequestConcurrency":80,"availableCpu":"1"},"state":"ACTIVE","labels":{"deployment-tool":"cloudfunctions","firebase-functions-hash":"b8e8a35a9b45adcba22eabbcf151ae53919acdc1"},"environment":"GEN_2","url":"https://us-central1-email-summary-69414.cloudfunctions.net/proxyToIBM","satisfiesPzi":true},"stages":[{"name":"BUILD","message":"Build in progress","state":"IN_PROGRESS","resource":"projects/88138015277/locations/us-central1/builds/d0b8498b-c335-41b0-8891-6b4679e2df2d","resourceUri":"https://console.cloud.google.com/cloud-build/builds;region=us-central1/d0b8498b-c335-41b0-8891-6b4679e2df2d?project=88138015277"},{"name":"SERVICE","state":"NOT_STARTED"}],"operationType":"UPDATE_FUNCTION","buildName":"projects/88138015277/locations/us-central1/builds/d0b8498b-c335-41b0-8891-6b4679e2df2d"},"done":false}
[debug] [2025-05-02T06:18:28.569Z] [update-default-us-central1-proxyToIBM] Retrying task index 0
[debug] [2025-05-02T06:18:28.571Z] Checked if tokens are valid: true, expires at: 1746169258494
[debug] [2025-05-02T06:18:28.572Z] Checked if tokens are valid: true, expires at: 1746169258494
[debug] [2025-05-02T06:18:28.572Z] >>> [apiv2][query] GET https://cloudfunctions.googleapis.com/v2/projects/email-summary-69414/locations/us-central1/operations/operation-1746166662717-634211ba65e68-aeaba5e7-f3fffbe3 [none]
[debug] [2025-05-02T06:18:30.062Z] <<< [apiv2][status] GET https://cloudfunctions.googleapis.com/v2/projects/email-summary-69414/locations/us-central1/operations/operation-1746166662717-634211ba65e68-aeaba5e7-f3fffbe3 200
[debug] [2025-05-02T06:18:30.062Z] <<< [apiv2][body] GET https://cloudfunctions.googleapis.com/v2/projects/email-summary-69414/locations/us-central1/operations/operation-1746166662717-634211ba65e68-aeaba5e7-f3fffbe3 {"name":"projects/email-summary-69414/locations/us-central1/operations/operation-1746166662717-634211ba65e68-aeaba5e7-f3fffbe3","metadata":{"@type":"type.googleapis.com/google.cloud.functions.v2.OperationMetadata","createTime":"2025-05-02T06:17:43.411594230Z","target":"projects/email-summary-69414/locations/us-central1/functions/proxyToIBM","verb":"update","cancelRequested":false,"apiVersion":"v2","requestResource":{"@type":"type.googleapis.com/google.cloud.functions.v2.Function","name":"projects/email-summary-69414/locations/us-central1/functions/proxyToIBM","buildConfig":{"runtime":"nodejs22","entryPoint":"proxyToIBM","source":{"storageSource":{"bucket":"gcf-v2-sources-88138015277-us-central1","object":"proxyToIBM/function-source.zip","generation":"1746166663349958"}},"environmentVariables":{"GOOGLE_NODE_RUN_SCRIPTS":""},"dockerRepository":"projects/email-summary-69414/locations/us-central1/repositories/gcf-artifacts","serviceAccount":"projects/email-summary-69414/serviceAccounts/88138015277-compute@developer.gserviceaccount.com","automaticUpdatePolicy":{}},"serviceConfig":{"service":"projects/email-summary-69414/locations/us-central1/services/proxytoibm","timeoutSeconds":60,"environmentVariables":{"FIREBASE_CONFIG":"{\"projectId\":\"email-summary-69414\",\"storageBucket\":\"email-summary-69414.firebasestorage.app\"}","GCLOUD_PROJECT":"email-summary-69414","EVENTARC_CLOUD_EVENT_SOURCE":"projects/email-summary-69414/locations/us-central1/services/proxyToIBM","FUNCTION_TARGET":"proxyToIBM","LOG_EXECUTION_ID":"true"},"ingressSettings":"ALLOW_ALL","serviceAccountEmail":"88138015277-compute@developer.gserviceaccount.com","availableMemory":"256Mi","allTrafficOnLatestRevision":true,"revision":"proxytoibm-00004-can","maxInstanceRequestConcurrency":80,"availableCpu":"1"},"state":"ACTIVE","labels":{"deployment-tool":"cloudfunctions","firebase-functions-hash":"b8e8a35a9b45adcba22eabbcf151ae53919acdc1"},"environment":"GEN_2","url":"https://us-central1-email-summary-69414.cloudfunctions.net/proxyToIBM","satisfiesPzi":true},"stages":[{"name":"BUILD","message":"Build in progress","state":"IN_PROGRESS","resource":"projects/88138015277/locations/us-central1/builds/d0b8498b-c335-41b0-8891-6b4679e2df2d","resourceUri":"https://console.cloud.google.com/cloud-build/builds;region=us-central1/d0b8498b-c335-41b0-8891-6b4679e2df2d?project=88138015277"},{"name":"SERVICE","state":"NOT_STARTED"}],"operationType":"UPDATE_FUNCTION","buildName":"projects/88138015277/locations/us-central1/builds/d0b8498b-c335-41b0-8891-6b4679e2df2d"},"done":false}
[debug] [2025-05-02T06:18:40.063Z] [update-default-us-central1-proxyToIBM] Retrying task index 0
[debug] [2025-05-02T06:18:40.065Z] Checked if tokens are valid: true, expires at: 1746169258494
[debug] [2025-05-02T06:18:40.065Z] Checked if tokens are valid: true, expires at: 1746169258494
[debug] [2025-05-02T06:18:40.066Z] >>> [apiv2][query] GET https://cloudfunctions.googleapis.com/v2/projects/email-summary-69414/locations/us-central1/operations/operation-1746166662717-634211ba65e68-aeaba5e7-f3fffbe3 [none]
[debug] [2025-05-02T06:18:41.540Z] <<< [apiv2][status] GET https://cloudfunctions.googleapis.com/v2/projects/email-summary-69414/locations/us-central1/operations/operation-1746166662717-634211ba65e68-aeaba5e7-f3fffbe3 200
[debug] [2025-05-02T06:18:41.541Z] <<< [apiv2][body] GET https://cloudfunctions.googleapis.com/v2/projects/email-summary-69414/locations/us-central1/operations/operation-1746166662717-634211ba65e68-aeaba5e7-f3fffbe3 {"name":"projects/email-summary-69414/locations/us-central1/operations/operation-1746166662717-634211ba65e68-aeaba5e7-f3fffbe3","metadata":{"@type":"type.googleapis.com/google.cloud.functions.v2.OperationMetadata","createTime":"2025-05-02T06:17:43.411594230Z","target":"projects/email-summary-69414/locations/us-central1/functions/proxyToIBM","verb":"update","cancelRequested":false,"apiVersion":"v2","requestResource":{"@type":"type.googleapis.com/google.cloud.functions.v2.Function","name":"projects/email-summary-69414/locations/us-central1/functions/proxyToIBM","buildConfig":{"runtime":"nodejs22","entryPoint":"proxyToIBM","source":{"storageSource":{"bucket":"gcf-v2-sources-88138015277-us-central1","object":"proxyToIBM/function-source.zip","generation":"1746166663349958"}},"environmentVariables":{"GOOGLE_NODE_RUN_SCRIPTS":""},"dockerRepository":"projects/email-summary-69414/locations/us-central1/repositories/gcf-artifacts","serviceAccount":"projects/email-summary-69414/serviceAccounts/88138015277-compute@developer.gserviceaccount.com","automaticUpdatePolicy":{}},"serviceConfig":{"service":"projects/email-summary-69414/locations/us-central1/services/proxytoibm","timeoutSeconds":60,"environmentVariables":{"FIREBASE_CONFIG":"{\"projectId\":\"email-summary-69414\",\"storageBucket\":\"email-summary-69414.firebasestorage.app\"}","GCLOUD_PROJECT":"email-summary-69414","EVENTARC_CLOUD_EVENT_SOURCE":"projects/email-summary-69414/locations/us-central1/services/proxyToIBM","FUNCTION_TARGET":"proxyToIBM","LOG_EXECUTION_ID":"true"},"ingressSettings":"ALLOW_ALL","serviceAccountEmail":"88138015277-compute@developer.gserviceaccount.com","availableMemory":"256Mi","allTrafficOnLatestRevision":true,"revision":"proxytoibm-00004-can","maxInstanceRequestConcurrency":80,"availableCpu":"1"},"state":"ACTIVE","labels":{"deployment-tool":"cloudfunctions","firebase-functions-hash":"b8e8a35a9b45adcba22eabbcf151ae53919acdc1"},"environment":"GEN_2","url":"https://us-central1-email-summary-69414.cloudfunctions.net/proxyToIBM","satisfiesPzi":true},"stages":[{"name":"BUILD","message":"Build finished","state":"COMPLETE","resource":"projects/88138015277/locations/us-central1/builds/d0b8498b-c335-41b0-8891-6b4679e2df2d","resourceUri":"https://console.cloud.google.com/cloud-build/builds;region=us-central1/d0b8498b-c335-41b0-8891-6b4679e2df2d?project=88138015277"},{"name":"SERVICE","message":"Updating Cloud Run service","state":"IN_PROGRESS","resource":"projects/email-summary-69414/locations/us-central1/services/proxytoibm","resourceUri":"https://console.cloud.google.com/run/detail/us-central1/proxytoibm?project=email-summary-69414","stateMessages":[{"severity":"INFO","type":"CloudRunServiceNewRevisionTrafficInfo","message":"A new revision will be deployed serving with 100% traffic."}]}],"sourceToken":"ClZwcm9qZWN0cy84ODEzODAxNTI3Ny9sb2NhdGlvbnMvdXMtY2VudHJhbDEvYnVpbGRzL2QwYjg0OThiLWMzMzUtNDFiMC04ODkxLTZiNDY3OWUyZGYyZBJ6dXMtY2VudHJhbDEtZG9ja2VyLnBrZy5kZXYvZW1haWwtc3VtbWFyeS02OTQxNC9nY2YtYXJ0aWZhY3RzL2VtYWlsLS1zdW1tYXJ5LS02OTQxNF9fdXMtLWNlbnRyYWwxX19wcm94eV90b19pX2JfbTp2ZXJzaW9uXzEYrcS9q8gCIkdwcm9qZWN0cy9lbWFpbC1zdW1tYXJ5LTY5NDE0L2xvY2F0aW9ucy91cy1jZW50cmFsMS9mdW5jdGlvbnMvcHJveHlUb0lCTSoMCLrH0cAGEND5qaYCMghub2RlanMyMjp2CiNnY3IuaW8vZ2FlLXJ1bnRpbWVzL25vZGVqczIyOnN0YWJsZRJPdXMtY2VudHJhbDEtZG9ja2VyLnBrZy5kZXYvc2VydmVybGVzcy1ydW50aW1lcy9nb29nbGUtMjItZnVsbC9ydW50aW1lcy9ub2RlanMyMkAB","operationType":"UPDATE_FUNCTION","buildName":"projects/88138015277/locations/us-central1/builds/d0b8498b-c335-41b0-8891-6b4679e2df2d"},"done":false}
[debug] [2025-05-02T06:18:41.541Z] Got source token ClZwcm9qZWN0cy84ODEzODAxNTI3Ny9sb2NhdGlvbnMvdXMtY2VudHJhbDEvYnVpbGRzL2QwYjg0OThiLWMzMzUtNDFiMC04ODkxLTZiNDY3OWUyZGYyZBJ6dXMtY2VudHJhbDEtZG9ja2VyLnBrZy5kZXYvZW1haWwtc3VtbWFyeS02OTQxNC9nY2YtYXJ0aWZhY3RzL2VtYWlsLS1zdW1tYXJ5LS02OTQxNF9fdXMtLWNlbnRyYWwxX19wcm94eV90b19pX2JfbTp2ZXJzaW9uXzEYrcS9q8gCIkdwcm9qZWN0cy9lbWFpbC1zdW1tYXJ5LTY5NDE0L2xvY2F0aW9ucy91cy1jZW50cmFsMS9mdW5jdGlvbnMvcHJveHlUb0lCTSoMCLrH0cAGEND5qaYCMghub2RlanMyMjp2CiNnY3IuaW8vZ2FlLXJ1bnRpbWVzL25vZGVqczIyOnN0YWJsZRJPdXMtY2VudHJhbDEtZG9ja2VyLnBrZy5kZXYvc2VydmVybGVzcy1ydW50aW1lcy9nb29nbGUtMjItZnVsbC9ydW50aW1lcy9ub2RlanMyMkAB for region us-central1
[debug] [2025-05-02T06:18:51.544Z] [update-default-us-central1-proxyToIBM] Retrying task index 0
[debug] [2025-05-02T06:18:51.544Z] Checked if tokens are valid: true, expires at: 1746169258494
[debug] [2025-05-02T06:18:51.544Z] Checked if tokens are valid: true, expires at: 1746169258494
[debug] [2025-05-02T06:18:51.545Z] >>> [apiv2][query] GET https://cloudfunctions.googleapis.com/v2/projects/email-summary-69414/locations/us-central1/operations/operation-1746166662717-634211ba65e68-aeaba5e7-f3fffbe3 [none]
[debug] [2025-05-02T06:18:53.002Z] <<< [apiv2][status] GET https://cloudfunctions.googleapis.com/v2/projects/email-summary-69414/locations/us-central1/operations/operation-1746166662717-634211ba65e68-aeaba5e7-f3fffbe3 200
[debug] [2025-05-02T06:18:53.002Z] <<< [apiv2][body] GET https://cloudfunctions.googleapis.com/v2/projects/email-summary-69414/locations/us-central1/operations/operation-1746166662717-634211ba65e68-aeaba5e7-f3fffbe3 {"name":"projects/email-summary-69414/locations/us-central1/operations/operation-1746166662717-634211ba65e68-aeaba5e7-f3fffbe3","metadata":{"@type":"type.googleapis.com/google.cloud.functions.v2.OperationMetadata","createTime":"2025-05-02T06:17:43.411594230Z","endTime":"2025-05-02T06:18:43.387200858Z","target":"projects/email-summary-69414/locations/us-central1/functions/proxyToIBM","verb":"update","cancelRequested":false,"apiVersion":"v2","requestResource":{"@type":"type.googleapis.com/google.cloud.functions.v2.Function","name":"projects/email-summary-69414/locations/us-central1/functions/proxyToIBM","buildConfig":{"runtime":"nodejs22","entryPoint":"proxyToIBM","source":{"storageSource":{"bucket":"gcf-v2-sources-88138015277-us-central1","object":"proxyToIBM/function-source.zip","generation":"1746166663349958"}},"environmentVariables":{"GOOGLE_NODE_RUN_SCRIPTS":""},"dockerRepository":"projects/email-summary-69414/locations/us-central1/repositories/gcf-artifacts","serviceAccount":"projects/email-summary-69414/serviceAccounts/88138015277-compute@developer.gserviceaccount.com","automaticUpdatePolicy":{}},"serviceConfig":{"service":"projects/email-summary-69414/locations/us-central1/services/proxytoibm","timeoutSeconds":60,"environmentVariables":{"FIREBASE_CONFIG":"{\"projectId\":\"email-summary-69414\",\"storageBucket\":\"email-summary-69414.firebasestorage.app\"}","GCLOUD_PROJECT":"email-summary-69414","EVENTARC_CLOUD_EVENT_SOURCE":"projects/email-summary-69414/locations/us-central1/services/proxyToIBM","FUNCTION_TARGET":"proxyToIBM","LOG_EXECUTION_ID":"true"},"ingressSettings":"ALLOW_ALL","serviceAccountEmail":"88138015277-compute@developer.gserviceaccount.com","availableMemory":"256Mi","allTrafficOnLatestRevision":true,"revision":"proxytoibm-00004-can","maxInstanceRequestConcurrency":80,"availableCpu":"1"},"state":"ACTIVE","labels":{"deployment-tool":"cloudfunctions","firebase-functions-hash":"b8e8a35a9b45adcba22eabbcf151ae53919acdc1"},"environment":"GEN_2","url":"https://us-central1-email-summary-69414.cloudfunctions.net/proxyToIBM","satisfiesPzi":true},"stages":[{"name":"SERVICE","state":"NOT_STARTED"}],"operationType":"UPDATE_FUNCTION"},"done":true,"error":{"code":3,"message":"Could not create or update Cloud Run service proxytoibm, Container Healthcheck failed. Revision 'proxytoibm-00005-lis' is not ready and cannot serve traffic. The user-provided container failed to start and listen on the port defined provided by the PORT=8080 environment variable within the allocated timeout. This can happen when the container port is misconfigured or if the timeout is too short. The health check timeout can be extended. Logs for this revision might contain more information.\n\nLogs URL: https://console.cloud.google.com/logs/viewer?project=email-summary-69414&resource=cloud_run_revision/service_name/proxytoibm/revision_name/proxytoibm-00005-lis&advancedFilter=resource.type%3D%22cloud_run_revision%22%0Aresource.labels.service_name%3D%22proxytoibm%22%0Aresource.labels.revision_name%3D%22proxytoibm-00005-lis%22 \nFor more troubleshooting guidance, see https://cloud.google.com/run/docs/troubleshooting#container-failed-to-start"}}
[debug] [2025-05-02T06:18:53.002Z] Got source token undefined for region us-central1
[error] Could not create or update Cloud Run service proxytoibm, Container Healthcheck failed. Revision 'proxytoibm-00005-lis' is not ready and cannot serve traffic. The user-provided container failed to start and listen on the port defined provided by the PORT=8080 environment variable within the allocated timeout. This can happen when the container port is misconfigured or if the timeout is too short. The health check timeout can be extended. Logs for this revision might contain more information.

Logs URL: https://console.cloud.google.com/logs/viewer?project=email-summary-69414&resource=cloud_run_revision/service_name/proxytoibm/revision_name/proxytoibm-00005-lis&advancedFilter=resource.type%3D%22cloud_run_revision%22%0Aresource.labels.service_name%3D%22proxytoibm%22%0Aresource.labels.revision_name%3D%22proxytoibm-00005-lis%22 
For more troubleshooting guidance, see https://cloud.google.com/run/docs/troubleshooting#container-failed-to-start
[debug] [2025-05-02T06:18:53.024Z] Total Function Deployment time: 71556
[debug] [2025-05-02T06:18:53.024Z] 1 Functions Deployed
[debug] [2025-05-02T06:18:53.024Z] 1 Functions Errored
[debug] [2025-05-02T06:18:53.024Z] 0 Function Deployments Aborted
[debug] [2025-05-02T06:18:53.024Z] Average Function Deployment time: 71555
[info] 
[info] Functions deploy had errors with the following functions:
	proxyToIBM(us-central1)
[debug] [2025-05-02T06:18:53.274Z] Not printing URL for HTTPS function. Typically this means it didn't match a filter or we failed deployment
[debug] [2025-05-02T06:18:53.275Z] Checked if tokens are valid: true, expires at: 1746169258494
[debug] [2025-05-02T06:18:53.275Z] Checked if tokens are valid: true, expires at: 1746169258494
[debug] [2025-05-02T06:18:53.275Z] >>> [apiv2][query] GET https://artifactregistry.googleapis.com/v1/projects/email-summary-69414/locations/us-central1/repositories/gcf-artifacts [none]
[debug] [2025-05-02T06:18:54.843Z] <<< [apiv2][status] GET https://artifactregistry.googleapis.com/v1/projects/email-summary-69414/locations/us-central1/repositories/gcf-artifacts 200
[debug] [2025-05-02T06:18:54.843Z] <<< [apiv2][body] GET https://artifactregistry.googleapis.com/v1/projects/email-summary-69414/locations/us-central1/repositories/gcf-artifacts {"name":"projects/email-summary-69414/locations/us-central1/repositories/gcf-artifacts","format":"DOCKER","description":"This repository is created and used by Cloud Functions for storing function docker images.","labels":{"goog-managed-by":"cloudfunctions"},"createTime":"2025-05-01T18:13:42.940024Z","updateTime":"2025-05-02T06:18:15.518716Z","mode":"STANDARD_REPOSITORY","cleanupPolicies":{"firebase-functions-cleanup":{"id":"firebase-functions-cleanup","action":"DELETE","condition":{"tagState":"ANY","olderThan":"86400s"}}},"sizeBytes":"196282415","vulnerabilityScanningConfig":{"lastEnableTime":"2025-05-01T18:13:32.224764805Z","enablementState":"SCANNING_DISABLED","enablementStateReason":"API containerscanning.googleapis.com is not enabled."},"satisfiesPzi":true,"registryUri":"us-central1-docker.pkg.dev/email-summary-69414/gcf-artifacts"}
[debug] [2025-05-02T06:18:54.844Z] Functions deploy failed.
[debug] [2025-05-02T06:18:54.844Z] {
  "endpoint": {
    "id": "proxyToIBM",
    "project": "email-summary-69414",
    "region": "us-central1",
    "entryPoint": "proxyToIBM",
    "platform": "gcfv2",
    "runtime": "nodejs22",
    "httpsTrigger": {},
    "labels": {
      "deployment-tool": "cli-firebase"
    },
    "serviceAccount": null,
    "ingressSettings": null,
    "availableMemoryMb": null,
    "timeoutSeconds": null,
    "maxInstances": null,
    "minInstances": null,
    "concurrency": 80,
    "vpc": null,
    "environmentVariables": {
      "FIREBASE_CONFIG": "{\"projectId\":\"email-summary-69414\",\"storageBucket\":\"email-summary-69414.firebasestorage.app\"}",
      "GCLOUD_PROJECT": "email-summary-69414",
      "EVENTARC_CLOUD_EVENT_SOURCE": "projects/email-summary-69414/locations/us-central1/services/proxyToIBM",
      "FUNCTION_TARGET": "proxyToIBM",
      "LOG_EXECUTION_ID": "true"
    },
    "codebase": "default",
    "runServiceId": "proxytoibm",
    "cpu": 1,
    "securityLevel": "SECURE_ALWAYS",
    "targetedByOnly": false,
    "hash": "b8e8a35a9b45adcba22eabbcf151ae53919acdc1"
  },
  "op": "update",
  "original": {
    "name": "FirebaseError",
    "children": [],
    "exit": 1,
    "message": "Could not create or update Cloud Run service proxytoibm, Container Healthcheck failed. Revision 'proxytoibm-00005-lis' is not ready and cannot serve traffic. The user-provided container failed to start and listen on the port defined provided by the PORT=8080 environment variable within the allocated timeout. This can happen when the container port is misconfigured or if the timeout is too short. The health check timeout can be extended. Logs for this revision might contain more information.\n\nLogs URL: https://console.cloud.google.com/logs/viewer?project=email-summary-69414&resource=cloud_run_revision/service_name/proxytoibm/revision_name/proxytoibm-00005-lis&advancedFilter=resource.type%3D%22cloud_run_revision%22%0Aresource.labels.service_name%3D%22proxytoibm%22%0Aresource.labels.revision_name%3D%22proxytoibm-00005-lis%22 \nFor more troubleshooting guidance, see https://cloud.google.com/run/docs/troubleshooting#container-failed-to-start",
    "original": {
      "code": 3,
      "message": "Could not create or update Cloud Run service proxytoibm, Container Healthcheck failed. Revision 'proxytoibm-00005-lis' is not ready and cannot serve traffic. The user-provided container failed to start and listen on the port defined provided by the PORT=8080 environment variable within the allocated timeout. This can happen when the container port is misconfigured or if the timeout is too short. The health check timeout can be extended. Logs for this revision might contain more information.\n\nLogs URL: https://console.cloud.google.com/logs/viewer?project=email-summary-69414&resource=cloud_run_revision/service_name/proxytoibm/revision_name/proxytoibm-00005-lis&advancedFilter=resource.type%3D%22cloud_run_revision%22%0Aresource.labels.service_name%3D%22proxytoibm%22%0Aresource.labels.revision_name%3D%22proxytoibm-00005-lis%22 \nFor more troubleshooting guidance, see https://cloud.google.com/run/docs/troubleshooting#container-failed-to-start"
    },
    "status": 3,
    "code": 3
  }
}
[debug] [2025-05-02T06:18:54.946Z] Error: Failed to update function proxyToIBM in region us-central1
    at /opt/homebrew/lib/node_modules/firebase-tools/lib/deploy/functions/release/fabricator.js:399:19
    at process.processTicksAndRejections (node:internal/process/task_queues:105:5)
    at async Fabricator.updateV2Function (/opt/homebrew/lib/node_modules/firebase-tools/lib/deploy/functions/release/fabricator.js:388:32)
    at async Fabricator.updateEndpoint (/opt/homebrew/lib/node_modules/firebase-tools/lib/deploy/functions/release/fabricator.js:155:13)
    at async handle (/opt/homebrew/lib/node_modules/firebase-tools/lib/deploy/functions/release/fabricator.js:89:17)
[error] 
[error] Error: There was an error deploying functions
